<?xml version="1.0" encoding="UTF-8"?>
<!-- Generated by org.testng.reporters.JUnitReportReporter -->
<testsuite hostname="Hari" failures="0" tests="1" name="Devendra.CureHealthE2E.MakeAppointment" time="8.991" errors="0" timestamp="2025-03-08T12:45:30 IST" skipped="0">
  <testcase classname="Devendra.CureHealthE2E.MakeAppointment" name="Makeappt" time="8.991"/>
</testsuite> <!-- Devendra.CureHealthE2E.MakeAppointment -->
